Build started 14/11/2013 7:45:33 AM.
     1>Project "C:\Users\Owner\documents\visual studio 2013\Projects\Snake\Snake\Snake.vcxproj" on node 2 (Build target(s)).
     1>ClCompile:
         C:\Program Files\Microsoft Visual Studio 12.0\VC\bin\CL.exe /c /ZI /nologo /W3 /WX- /sdl /Od /Oy- /D WIN32 /D _DEBUG /D _CONSOLE /D _LIB /D _UNICODE /D UNICODE /Gm /EHsc /RTC1 /MD /GS /fp:precise /Zc:wchar_t /Zc:forScope /Fo"Debug\\" /Fd"Debug\vc120.pdb" /Gd /TP /analyze- /errorReport:prompt GameShell.cpp Game_Engine.cpp Snake.cpp main.cpp
         main.cpp
         Snake.cpp
         Generating Code...
         Compiling...
         Game_Engine.cpp
         GameShell.cpp
     1>c:\users\owner\documents\visual studio 2013\projects\snake\snake\gameshell.cpp(61): warning C4244: 'argument' : conversion from 'double' to 'Uint32', possible loss of data
         Generating Code...
     1>c:\users\owner\documents\visual studio 2013\projects\snake\snake\game_engine.cpp(122): warning C4715: 'DetermineDirection' : not all control paths return a value
       Link:
         C:\Program Files\Microsoft Visual Studio 12.0\VC\bin\link.exe /ERRORREPORT:PROMPT /OUT:"C:\Users\Owner\documents\visual studio 2013\Projects\Snake\Debug\Snake.exe" /INCREMENTAL /NOLOGO /LIBPATH:"C:\SDL-1.2.15\lib\x86" SDL.lib SDLmain.lib SDL2_ttf.lib kernel32.lib user32.lib gdi32.lib winspool.lib comdlg32.lib advapi32.lib shell32.lib ole32.lib oleaut32.lib uuid.lib odbc32.lib odbccp32.lib /MANIFEST /MANIFESTUAC:"level='asInvoker' uiAccess='false'" /manifest:embed /DEBUG /PDB:"C:\Users\Owner\documents\visual studio 2013\Projects\Snake\Debug\Snake.pdb" /SUBSYSTEM:WINDOWS /TLBID:1 /DYNAMICBASE /NXCOMPAT /IMPLIB:"C:\Users\Owner\documents\visual studio 2013\Projects\Snake\Debug\Snake.lib" /MACHINE:X86 Debug\Game_Engine.obj
         Debug\GameShell.obj
         Debug\main.obj
         Debug\Snake.obj
         Snake.vcxproj -> C:\Users\Owner\documents\visual studio 2013\Projects\Snake\Debug\Snake.exe
     1>Done Building Project "C:\Users\Owner\documents\visual studio 2013\Projects\Snake\Snake\Snake.vcxproj" (Build target(s)).

Build succeeded.

Time Elapsed 00:00:09.93
